
> ui-lib@0.1.0 build
> npm run registry:build && next build


> ui-lib@0.1.0 registry:build
> shadcn build

- Building navbar1...
✔ Building registry.
   ▲ Next.js 15.5.7

   Creating an optimized production build ...
 ✓ Compiled successfully in 20.2s
   Linting and checking validity of types ...

   We detected TypeScript in your project and reconfigured your tsconfig.json file for you.
   The following mandatory changes were made to your tsconfig.json:

   	- jsx was set to preserve (next.js implements its own optimized jsx transform)

Failed to compile.

./theme.config.tsx:15:9
Type error: Object literal may only specify known properties, and 'text' does not exist in type '{ content?: ReactNode | FC; component?: ReactNode | FC<{ menu: boolean; }>; }'.

[0m [90m 13 |[39m     docsRepositoryBase[33m:[39m [32m'https://github.com/Ashutoshx7/VengeanceUI/tree/main'[39m[33m,[39m
 [90m 14 |[39m     footer[33m:[39m {
[31m[1m>[22m[39m[90m 15 |[39m         text[33m:[39m [32m'Vengeance UI Documentation'[39m[33m,[39m
 [90m    |[39m         [31m[1m^[22m[39m
 [90m 16 |[39m     }[33m,[39m
 [90m 17 |[39m }
 [90m 18 |[39m[0m
Next.js build worker exited with code: 1 and signal: null
